<?xml version="1.0" encoding="UTF-8"?>
<!-- Generated by org.testng.reporters.JUnitReportReporter -->
<testsuite hostname="DESKTOP-33C0BU9" failures="0" tests="42" name="api.tests.datadriven.users.deleteTests" time="125.164" errors="0" timestamp="2024-09-08T22:26:42 IST" skipped="0">
  <testcase classname="api.tests.datadriven.users.deleteTests" name="DeleteUserTestMethod1" time="2.859"/>
  <testcase classname="api.tests.datadriven.users.deleteTests" name="DeleteUserTestMethod1" time="3.281"/>
  <testcase classname="api.tests.datadriven.users.deleteTests" name="DeleteUserTestMethod1" time="3.236"/>
  <testcase classname="api.tests.datadriven.users.deleteTests" name="DeleteUserTestMethod1" time="3.202"/>
  <testcase classname="api.tests.datadriven.users.deleteTests" name="DeleteUserTestMethod1" time="3.833"/>
  <testcase classname="api.tests.datadriven.users.deleteTests" name="DeleteUserTestMethod1" time="2.916"/>
  <testcase classname="api.tests.datadriven.users.deleteTests" name="DeleteUserTestMethod2" time="3.217"/>
  <testcase classname="api.tests.datadriven.users.deleteTests" name="DeleteUserTestMethod4" time="2.427"/>
  <testcase classname="api.tests.datadriven.users.deleteTests" name="DeleteUserTestMethod3" time="2.710"/>
  <testcase classname="api.tests.datadriven.users.deleteTests" name="DeleteUserTestMethod2" time="3.274"/>
  <testcase classname="api.tests.datadriven.users.deleteTests" name="DeleteUserTestMethod4" time="3.092"/>
  <testcase classname="api.tests.datadriven.users.deleteTests" name="DeleteUserTestMethod6" time="2.945"/>
  <testcase classname="api.tests.datadriven.users.deleteTests" name="DeleteUserTestMethod3" time="2.495"/>
  <testcase classname="api.tests.datadriven.users.deleteTests" name="DeleteUserTestMethod5" time="2.416"/>
  <testcase classname="api.tests.datadriven.users.deleteTests" name="DeleteUserTestMethod6" time="2.768"/>
  <testcase classname="api.tests.datadriven.users.deleteTests" name="DeleteUserTestMethod5" time="2.422"/>
  <testcase classname="api.tests.datadriven.users.deleteTests" name="DeleteUserTestMethod7" time="3.476"/>
  <testcase classname="api.tests.datadriven.users.deleteTests" name="DeleteUserTestMethod7" time="3.273"/>
  <testcase classname="api.tests.datadriven.users.deleteTests" name="DeleteUserTestMethod2" time="2.644"/>
  <testcase classname="api.tests.datadriven.users.deleteTests" name="DeleteUserTestMethod2" time="3.106"/>
  <testcase classname="api.tests.datadriven.users.deleteTests" name="DeleteUserTestMethod3" time="2.425"/>
  <testcase classname="api.tests.datadriven.users.deleteTests" name="DeleteUserTestMethod6" time="3.185"/>
  <testcase classname="api.tests.datadriven.users.deleteTests" name="DeleteUserTestMethod3" time="2.359"/>
  <testcase classname="api.tests.datadriven.users.deleteTests" name="DeleteUserTestMethod5" time="3.129"/>
  <testcase classname="api.tests.datadriven.users.deleteTests" name="DeleteUserTestMethod4" time="3.213"/>
  <testcase classname="api.tests.datadriven.users.deleteTests" name="DeleteUserTestMethod4" time="3.198"/>
  <testcase classname="api.tests.datadriven.users.deleteTests" name="DeleteUserTestMethod2" time="3.022"/>
  <testcase classname="api.tests.datadriven.users.deleteTests" name="DeleteUserTestMethod6" time="2.916"/>
  <testcase classname="api.tests.datadriven.users.deleteTests" name="DeleteUserTestMethod6" time="2.500"/>
  <testcase classname="api.tests.datadriven.users.deleteTests" name="DeleteUserTestMethod6" time="2.798"/>
  <testcase classname="api.tests.datadriven.users.deleteTests" name="DeleteUserTestMethod7" time="2.870"/>
  <testcase classname="api.tests.datadriven.users.deleteTests" name="DeleteUserTestMethod4" time="3.176"/>
  <testcase classname="api.tests.datadriven.users.deleteTests" name="DeleteUserTestMethod3" time="3.031"/>
  <testcase classname="api.tests.datadriven.users.deleteTests" name="DeleteUserTestMethod7" time="4.102"/>
  <testcase classname="api.tests.datadriven.users.deleteTests" name="DeleteUserTestMethod7" time="3.893"/>
  <testcase classname="api.tests.datadriven.users.deleteTests" name="DeleteUserTestMethod5" time="2.433"/>
  <testcase classname="api.tests.datadriven.users.deleteTests" name="DeleteUserTestMethod5" time="2.468"/>
  <testcase classname="api.tests.datadriven.users.deleteTests" name="DeleteUserTestMethod2" time="2.737"/>
  <testcase classname="api.tests.datadriven.users.deleteTests" name="DeleteUserTestMethod4" time="2.660"/>
  <testcase classname="api.tests.datadriven.users.deleteTests" name="DeleteUserTestMethod5" time="2.498"/>
  <testcase classname="api.tests.datadriven.users.deleteTests" name="DeleteUserTestMethod7" time="3.890"/>
  <testcase classname="api.tests.datadriven.users.deleteTests" name="DeleteUserTestMethod3" time="3.069"/>
</testsuite> <!-- api.tests.datadriven.users.deleteTests -->
