<?xml version="1.0" encoding="UTF-8"?>
<!-- Generated by org.testng.reporters.JUnitReportReporter -->
<testsuite hostname="DESKTOP-33C0BU9" failures="0" tests="7" name="api.tests.users.postTests" time="33.181" errors="0" timestamp="2024-09-02T12:24:13 IST" skipped="0">
  <testcase classname="api.tests.users.postTests" name="PostUserTestMethod1" time="6.037"/>
  <testcase classname="api.tests.users.postTests" name="PostUserTestMethod2" time="4.319"/>
  <testcase classname="api.tests.users.postTests" name="PostUserTestMethod3" time="3.133"/>
  <testcase classname="api.tests.users.postTests" name="PostUserTestMethod4" time="4.411"/>
  <testcase classname="api.tests.users.postTests" name="PostUserTestMethod5" time="2.761"/>
  <testcase classname="api.tests.users.postTests" name="PostUserTestMethod6" time="3.469"/>
  <testcase classname="api.tests.users.postTests" name="PostUserTestMethod7" time="9.051"/>
</testsuite> <!-- api.tests.users.postTests -->
