<?xml version="1.0" encoding="UTF-8"?>
<!-- Generated by org.testng.reporters.JUnitReportReporter -->
<testsuite hostname="DESKTOP-33C0BU9" failures="0" tests="42" name="api.tests.datadriven.users.getTests" time="120.036" errors="0" timestamp="2024-09-08T22:26:41 IST" skipped="0">
  <testcase classname="api.tests.datadriven.users.getTests" name="GetUserTestMethod1" time="2.478"/>
  <testcase classname="api.tests.datadriven.users.getTests" name="GetUserTestMethod1" time="2.580"/>
  <testcase classname="api.tests.datadriven.users.getTests" name="GetUserTestMethod1" time="3.032"/>
  <testcase classname="api.tests.datadriven.users.getTests" name="GetUserTestMethod1" time="3.326"/>
  <testcase classname="api.tests.datadriven.users.getTests" name="GetUserTestMethod1" time="3.384"/>
  <testcase classname="api.tests.datadriven.users.getTests" name="GetUserTestMethod1" time="2.529"/>
  <testcase classname="api.tests.datadriven.users.getTests" name="GetUserTestMethod2" time="2.674"/>
  <testcase classname="api.tests.datadriven.users.getTests" name="GetUserTestMethod2" time="2.781"/>
  <testcase classname="api.tests.datadriven.users.getTests" name="GetUserTestMethod2" time="2.566"/>
  <testcase classname="api.tests.datadriven.users.getTests" name="GetUserTestMethod2" time="2.406"/>
  <testcase classname="api.tests.datadriven.users.getTests" name="GetUserTestMethod2" time="2.429"/>
  <testcase classname="api.tests.datadriven.users.getTests" name="GetUserTestMethod2" time="2.536"/>
  <testcase classname="api.tests.datadriven.users.getTests" name="GetUserTestMethod3" time="2.620"/>
  <testcase classname="api.tests.datadriven.users.getTests" name="GetUserTestMethod3" time="4.182"/>
  <testcase classname="api.tests.datadriven.users.getTests" name="GetUserTestMethod3" time="2.521"/>
  <testcase classname="api.tests.datadriven.users.getTests" name="GetUserTestMethod3" time="2.574"/>
  <testcase classname="api.tests.datadriven.users.getTests" name="GetUserTestMethod3" time="2.542"/>
  <testcase classname="api.tests.datadriven.users.getTests" name="GetUserTestMethod3" time="3.140"/>
  <testcase classname="api.tests.datadriven.users.getTests" name="GetUserTestMethod4" time="2.518"/>
  <testcase classname="api.tests.datadriven.users.getTests" name="GetUserTestMethod4" time="2.807"/>
  <testcase classname="api.tests.datadriven.users.getTests" name="GetUserTestMethod4" time="2.400"/>
  <testcase classname="api.tests.datadriven.users.getTests" name="GetUserTestMethod4" time="2.809"/>
  <testcase classname="api.tests.datadriven.users.getTests" name="GetUserTestMethod4" time="2.505"/>
  <testcase classname="api.tests.datadriven.users.getTests" name="GetUserTestMethod4" time="2.854"/>
  <testcase classname="api.tests.datadriven.users.getTests" name="GetUserTestMethod5" time="2.477"/>
  <testcase classname="api.tests.datadriven.users.getTests" name="GetUserTestMethod5" time="2.819"/>
  <testcase classname="api.tests.datadriven.users.getTests" name="GetUserTestMethod5" time="2.432"/>
  <testcase classname="api.tests.datadriven.users.getTests" name="GetUserTestMethod5" time="2.762"/>
  <testcase classname="api.tests.datadriven.users.getTests" name="GetUserTestMethod5" time="3.124"/>
  <testcase classname="api.tests.datadriven.users.getTests" name="GetUserTestMethod5" time="3.486"/>
  <testcase classname="api.tests.datadriven.users.getTests" name="GetUserTestMethod6" time="3.870"/>
  <testcase classname="api.tests.datadriven.users.getTests" name="GetUserTestMethod6" time="5.062"/>
  <testcase classname="api.tests.datadriven.users.getTests" name="GetUserTestMethod6" time="3.054"/>
  <testcase classname="api.tests.datadriven.users.getTests" name="GetUserTestMethod6" time="3.146"/>
  <testcase classname="api.tests.datadriven.users.getTests" name="GetUserTestMethod6" time="3.242"/>
  <testcase classname="api.tests.datadriven.users.getTests" name="GetUserTestMethod6" time="2.842"/>
  <testcase classname="api.tests.datadriven.users.getTests" name="GetUserTestMethod7" time="2.460"/>
  <testcase classname="api.tests.datadriven.users.getTests" name="GetUserTestMethod7" time="2.478"/>
  <testcase classname="api.tests.datadriven.users.getTests" name="GetUserTestMethod7" time="2.694"/>
  <testcase classname="api.tests.datadriven.users.getTests" name="GetUserTestMethod7" time="2.706"/>
  <testcase classname="api.tests.datadriven.users.getTests" name="GetUserTestMethod7" time="2.784"/>
  <testcase classname="api.tests.datadriven.users.getTests" name="GetUserTestMethod7" time="2.405"/>
</testsuite> <!-- api.tests.datadriven.users.getTests -->
