<?xml version="1.0" encoding="UTF-8"?>
<!-- Generated by org.testng.reporters.JUnitReportReporter -->
<testsuite hostname="DESKTOP-33C0BU9" failures="0" tests="12" name="api.tests.datadriven.users.DDTests" time="16.752" errors="0" timestamp="2024-09-02T17:12:36 IST" skipped="0">
  <testcase classname="api.tests.datadriven.users.DDTests" name="testPostUser" time="3.393"/>
  <testcase classname="api.tests.datadriven.users.DDTests" name="testPostUser" time="1.201"/>
  <testcase classname="api.tests.datadriven.users.DDTests" name="testPostUser" time="1.230"/>
  <testcase classname="api.tests.datadriven.users.DDTests" name="testPostUser" time="1.185"/>
  <testcase classname="api.tests.datadriven.users.DDTests" name="testPostUser" time="1.173"/>
  <testcase classname="api.tests.datadriven.users.DDTests" name="testPostUser" time="1.226"/>
  <testcase classname="api.tests.datadriven.users.DDTests" name="testDeleteUser" time="1.187"/>
  <testcase classname="api.tests.datadriven.users.DDTests" name="testDeleteUser" time="1.220"/>
  <testcase classname="api.tests.datadriven.users.DDTests" name="testDeleteUser" time="1.213"/>
  <testcase classname="api.tests.datadriven.users.DDTests" name="testDeleteUser" time="1.255"/>
  <testcase classname="api.tests.datadriven.users.DDTests" name="testDeleteUser" time="1.224"/>
  <testcase classname="api.tests.datadriven.users.DDTests" name="testDeleteUser" time="1.245"/>
</testsuite> <!-- api.tests.datadriven.users.DDTests -->
