<?xml version="1.0" encoding="UTF-8"?>
<!-- Generated by org.testng.reporters.JUnitReportReporter -->
<testsuite hostname="DESKTOP-33C0BU9" failures="0" tests="7" name="api.tests.users.getTests" time="53.327" errors="0" timestamp="2024-09-02T12:32:49 IST" skipped="0">
  <testcase classname="api.tests.users.getTests" name="GetUserTestMethod1" time="10.527"/>
  <testcase classname="api.tests.users.getTests" name="GetUserTestMethod2" time="6.801"/>
  <testcase classname="api.tests.users.getTests" name="GetUserTestMethod3" time="5.354"/>
  <testcase classname="api.tests.users.getTests" name="GetUserTestMethod4" time="5.345"/>
  <testcase classname="api.tests.users.getTests" name="GetUserTestMethod5" time="7.225"/>
  <testcase classname="api.tests.users.getTests" name="GetUserTestMethod6" time="11.471"/>
  <testcase classname="api.tests.users.getTests" name="GetUserTestMethod7" time="6.604"/>
</testsuite> <!-- api.tests.users.getTests -->
