<?xml version="1.0" encoding="UTF-8"?>
<!-- Generated by org.testng.reporters.JUnitReportReporter -->
<testsuite hostname="DESKTOP-33C0BU9" failures="0" tests="7" name="api.tests.users.putTests" time="39.326" errors="0" timestamp="2024-09-02T12:58:59 IST" skipped="0">
  <testcase classname="api.tests.users.putTests" name="PutUserTestMethod1" time="9.422"/>
  <testcase classname="api.tests.users.putTests" name="PutUserTestMethod2" time="6.201"/>
  <testcase classname="api.tests.users.putTests" name="PutUserTestMethod3" time="5.401"/>
  <testcase classname="api.tests.users.putTests" name="PutUserTestMethod4" time="5.589"/>
  <testcase classname="api.tests.users.putTests" name="PutUserTestMethod5" time="3.564"/>
  <testcase classname="api.tests.users.putTests" name="PutUserTestMethod6" time="5.159"/>
  <testcase classname="api.tests.users.putTests" name="PutUserTestMethod7" time="3.990"/>
</testsuite> <!-- api.tests.users.putTests -->
