<?xml version="1.0" encoding="UTF-8"?>
<!-- Generated by org.testng.reporters.JUnitReportReporter -->
<testsuite hostname="DESKTOP-33C0BU9" failures="0" tests="7" name="api.tests.users.deleteTests" time="45.006" errors="0" timestamp="2024-09-02T12:27:36 IST" skipped="0">
  <testcase classname="api.tests.users.deleteTests" name="DeleteUserTestMethod1" time="9.172"/>
  <testcase classname="api.tests.users.deleteTests" name="DeleteUserTestMethod2" time="5.487"/>
  <testcase classname="api.tests.users.deleteTests" name="DeleteUserTestMethod3" time="4.427"/>
  <testcase classname="api.tests.users.deleteTests" name="DeleteUserTestMethod5" time="7.351"/>
  <testcase classname="api.tests.users.deleteTests" name="DeleteUserTestMethod4" time="5.522"/>
  <testcase classname="api.tests.users.deleteTests" name="DeleteUserTestMethod6" time="8.350"/>
  <testcase classname="api.tests.users.deleteTests" name="DeleteUserTestMethod7" time="4.697"/>
</testsuite> <!-- api.tests.users.deleteTests -->
