<?xml version="1.0" encoding="UTF-8"?>
<!-- Generated by org.testng.reporters.JUnitReportReporter -->
<testsuite hostname="DESKTOP-33C0BU9" failures="0" tests="42" name="api.tests.datadriven.users.deleteTests" time="143.133" errors="0" timestamp="2024-09-08T21:22:07 IST" skipped="0">
  <testcase classname="api.tests.datadriven.users.deleteTests" name="DeleteUserTestMethod1" time="3.893"/>
  <testcase classname="api.tests.datadriven.users.deleteTests" name="DeleteUserTestMethod1" time="3.684"/>
  <testcase classname="api.tests.datadriven.users.deleteTests" name="DeleteUserTestMethod1" time="3.104"/>
  <testcase classname="api.tests.datadriven.users.deleteTests" name="DeleteUserTestMethod1" time="3.481"/>
  <testcase classname="api.tests.datadriven.users.deleteTests" name="DeleteUserTestMethod1" time="3.758"/>
  <testcase classname="api.tests.datadriven.users.deleteTests" name="DeleteUserTestMethod1" time="2.688"/>
  <testcase classname="api.tests.datadriven.users.deleteTests" name="DeleteUserTestMethod5" time="4.004"/>
  <testcase classname="api.tests.datadriven.users.deleteTests" name="DeleteUserTestMethod3" time="3.449"/>
  <testcase classname="api.tests.datadriven.users.deleteTests" name="DeleteUserTestMethod2" time="3.939"/>
  <testcase classname="api.tests.datadriven.users.deleteTests" name="DeleteUserTestMethod6" time="2.647"/>
  <testcase classname="api.tests.datadriven.users.deleteTests" name="DeleteUserTestMethod4" time="3.787"/>
  <testcase classname="api.tests.datadriven.users.deleteTests" name="DeleteUserTestMethod7" time="2.457"/>
  <testcase classname="api.tests.datadriven.users.deleteTests" name="DeleteUserTestMethod3" time="3.375"/>
  <testcase classname="api.tests.datadriven.users.deleteTests" name="DeleteUserTestMethod3" time="3.238"/>
  <testcase classname="api.tests.datadriven.users.deleteTests" name="DeleteUserTestMethod5" time="3.879"/>
  <testcase classname="api.tests.datadriven.users.deleteTests" name="DeleteUserTestMethod4" time="3.542"/>
  <testcase classname="api.tests.datadriven.users.deleteTests" name="DeleteUserTestMethod3" time="3.960"/>
  <testcase classname="api.tests.datadriven.users.deleteTests" name="DeleteUserTestMethod4" time="2.996"/>
  <testcase classname="api.tests.datadriven.users.deleteTests" name="DeleteUserTestMethod7" time="2.402"/>
  <testcase classname="api.tests.datadriven.users.deleteTests" name="DeleteUserTestMethod5" time="3.390"/>
  <testcase classname="api.tests.datadriven.users.deleteTests" name="DeleteUserTestMethod4" time="3.883"/>
  <testcase classname="api.tests.datadriven.users.deleteTests" name="DeleteUserTestMethod2" time="3.147"/>
  <testcase classname="api.tests.datadriven.users.deleteTests" name="DeleteUserTestMethod2" time="3.470"/>
  <testcase classname="api.tests.datadriven.users.deleteTests" name="DeleteUserTestMethod3" time="3.206"/>
  <testcase classname="api.tests.datadriven.users.deleteTests" name="DeleteUserTestMethod6" time="3.628"/>
  <testcase classname="api.tests.datadriven.users.deleteTests" name="DeleteUserTestMethod2" time="3.703"/>
  <testcase classname="api.tests.datadriven.users.deleteTests" name="DeleteUserTestMethod6" time="3.072"/>
  <testcase classname="api.tests.datadriven.users.deleteTests" name="DeleteUserTestMethod3" time="4.129"/>
  <testcase classname="api.tests.datadriven.users.deleteTests" name="DeleteUserTestMethod2" time="2.868"/>
  <testcase classname="api.tests.datadriven.users.deleteTests" name="DeleteUserTestMethod7" time="2.460"/>
  <testcase classname="api.tests.datadriven.users.deleteTests" name="DeleteUserTestMethod7" time="2.868"/>
  <testcase classname="api.tests.datadriven.users.deleteTests" name="DeleteUserTestMethod6" time="3.756"/>
  <testcase classname="api.tests.datadriven.users.deleteTests" name="DeleteUserTestMethod5" time="3.640"/>
  <testcase classname="api.tests.datadriven.users.deleteTests" name="DeleteUserTestMethod6" time="3.295"/>
  <testcase classname="api.tests.datadriven.users.deleteTests" name="DeleteUserTestMethod7" time="2.869"/>
  <testcase classname="api.tests.datadriven.users.deleteTests" name="DeleteUserTestMethod5" time="3.789"/>
  <testcase classname="api.tests.datadriven.users.deleteTests" name="DeleteUserTestMethod4" time="3.584"/>
  <testcase classname="api.tests.datadriven.users.deleteTests" name="DeleteUserTestMethod6" time="3.110"/>
  <testcase classname="api.tests.datadriven.users.deleteTests" name="DeleteUserTestMethod4" time="3.889"/>
  <testcase classname="api.tests.datadriven.users.deleteTests" name="DeleteUserTestMethod5" time="3.680"/>
  <testcase classname="api.tests.datadriven.users.deleteTests" name="DeleteUserTestMethod7" time="3.443"/>
  <testcase classname="api.tests.datadriven.users.deleteTests" name="DeleteUserTestMethod2" time="3.971"/>
</testsuite> <!-- api.tests.datadriven.users.deleteTests -->
