<?xml version="1.0" encoding="UTF-8"?>
<!-- Generated by org.testng.reporters.JUnitReportReporter -->
<testsuite hostname="DESKTOP-33C0BU9" failures="0" tests="42" name="api.tests.datadriven.users.getTests" time="152.749" errors="0" timestamp="2024-09-08T21:22:07 IST" skipped="0">
  <testcase classname="api.tests.datadriven.users.getTests" name="GetUserTestMethod1" time="3.690"/>
  <testcase classname="api.tests.datadriven.users.getTests" name="GetUserTestMethod1" time="3.680"/>
  <testcase classname="api.tests.datadriven.users.getTests" name="GetUserTestMethod1" time="3.890"/>
  <testcase classname="api.tests.datadriven.users.getTests" name="GetUserTestMethod1" time="3.690"/>
  <testcase classname="api.tests.datadriven.users.getTests" name="GetUserTestMethod1" time="3.640"/>
  <testcase classname="api.tests.datadriven.users.getTests" name="GetUserTestMethod1" time="3.025"/>
  <testcase classname="api.tests.datadriven.users.getTests" name="GetUserTestMethod2" time="3.834"/>
  <testcase classname="api.tests.datadriven.users.getTests" name="GetUserTestMethod2" time="3.730"/>
  <testcase classname="api.tests.datadriven.users.getTests" name="GetUserTestMethod2" time="3.580"/>
  <testcase classname="api.tests.datadriven.users.getTests" name="GetUserTestMethod2" time="3.847"/>
  <testcase classname="api.tests.datadriven.users.getTests" name="GetUserTestMethod2" time="3.664"/>
  <testcase classname="api.tests.datadriven.users.getTests" name="GetUserTestMethod2" time="3.479"/>
  <testcase classname="api.tests.datadriven.users.getTests" name="GetUserTestMethod3" time="3.730"/>
  <testcase classname="api.tests.datadriven.users.getTests" name="GetUserTestMethod3" time="3.890"/>
  <testcase classname="api.tests.datadriven.users.getTests" name="GetUserTestMethod3" time="3.484"/>
  <testcase classname="api.tests.datadriven.users.getTests" name="GetUserTestMethod3" time="3.686"/>
  <testcase classname="api.tests.datadriven.users.getTests" name="GetUserTestMethod3" time="3.274"/>
  <testcase classname="api.tests.datadriven.users.getTests" name="GetUserTestMethod3" time="3.684"/>
  <testcase classname="api.tests.datadriven.users.getTests" name="GetUserTestMethod4" time="3.526"/>
  <testcase classname="api.tests.datadriven.users.getTests" name="GetUserTestMethod4" time="3.480"/>
  <testcase classname="api.tests.datadriven.users.getTests" name="GetUserTestMethod4" time="3.511"/>
  <testcase classname="api.tests.datadriven.users.getTests" name="GetUserTestMethod4" time="3.432"/>
  <testcase classname="api.tests.datadriven.users.getTests" name="GetUserTestMethod4" time="4.089"/>
  <testcase classname="api.tests.datadriven.users.getTests" name="GetUserTestMethod4" time="3.687"/>
  <testcase classname="api.tests.datadriven.users.getTests" name="GetUserTestMethod5" time="3.761"/>
  <testcase classname="api.tests.datadriven.users.getTests" name="GetUserTestMethod5" time="3.649"/>
  <testcase classname="api.tests.datadriven.users.getTests" name="GetUserTestMethod5" time="3.682"/>
  <testcase classname="api.tests.datadriven.users.getTests" name="GetUserTestMethod5" time="3.687"/>
  <testcase classname="api.tests.datadriven.users.getTests" name="GetUserTestMethod5" time="3.507"/>
  <testcase classname="api.tests.datadriven.users.getTests" name="GetUserTestMethod5" time="3.887"/>
  <testcase classname="api.tests.datadriven.users.getTests" name="GetUserTestMethod6" time="3.685"/>
  <testcase classname="api.tests.datadriven.users.getTests" name="GetUserTestMethod6" time="4.097"/>
  <testcase classname="api.tests.datadriven.users.getTests" name="GetUserTestMethod6" time="3.701"/>
  <testcase classname="api.tests.datadriven.users.getTests" name="GetUserTestMethod6" time="3.304"/>
  <testcase classname="api.tests.datadriven.users.getTests" name="GetUserTestMethod6" time="3.072"/>
  <testcase classname="api.tests.datadriven.users.getTests" name="GetUserTestMethod6" time="3.618"/>
  <testcase classname="api.tests.datadriven.users.getTests" name="GetUserTestMethod7" time="3.290"/>
  <testcase classname="api.tests.datadriven.users.getTests" name="GetUserTestMethod7" time="3.638"/>
  <testcase classname="api.tests.datadriven.users.getTests" name="GetUserTestMethod7" time="3.482"/>
  <testcase classname="api.tests.datadriven.users.getTests" name="GetUserTestMethod7" time="3.890"/>
  <testcase classname="api.tests.datadriven.users.getTests" name="GetUserTestMethod7" time="3.688"/>
  <testcase classname="api.tests.datadriven.users.getTests" name="GetUserTestMethod7" time="3.889"/>
</testsuite> <!-- api.tests.datadriven.users.getTests -->
